<?xml version="1.0" encoding="UTF-8"?>
<testsuite name="th.ac.kmitl.ce.ooad.DemoApplicationTests" tests="1" skipped="0" failures="0" errors="0" timestamp="2015-11-19T10:53:45" hostname="BAIT0IIWN8MKWHD" time="0.003">
  <properties/>
  <testcase name="contextLoads" classname="th.ac.kmitl.ce.ooad.DemoApplicationTests" time="0.003"/>
  <system-out><![CDATA[17:53:38.599 [Test worker] DEBUG o.s.t.c.j.SpringJUnit4ClassRunner - SpringJUnit4ClassRunner constructor called with [class th.ac.kmitl.ce.ooad.DemoApplicationTests].
17:53:38.619 [Test worker] DEBUG o.s.test.context.BootstrapUtils - Instantiating TestContextBootstrapper from class [org.springframework.test.context.web.WebTestContextBootstrapper]
17:53:38.666 [Test worker] DEBUG o.s.t.c.w.WebTestContextBootstrapper - Found explicit ContextLoader class [org.springframework.boot.test.SpringApplicationContextLoader] for context configuration attributes [ContextConfigurationAttributes@7d9609c6 declaringClass = 'th.ac.kmitl.ce.ooad.DemoApplicationTests', classes = '{class th.ac.kmitl.ce.ooad.DemoApplication}', locations = '{}', inheritLocations = true, initializers = '{}', inheritInitializers = true, name = [null], contextLoaderClass = 'org.springframework.boot.test.SpringApplicationContextLoader']
17:53:38.691 [Test worker] DEBUG o.s.t.c.support.ActiveProfilesUtils - Could not find an 'annotation declaring class' for annotation type [org.springframework.test.context.ActiveProfiles] and class [th.ac.kmitl.ce.ooad.DemoApplicationTests]
17:53:38.701 [Test worker] DEBUG o.s.t.c.w.WebTestContextBootstrapper - @TestExecutionListeners is not present for class [th.ac.kmitl.ce.ooad.DemoApplicationTests]: using defaults.
17:53:38.723 [Test worker] INFO  o.s.t.c.w.WebTestContextBootstrapper - Loaded default TestExecutionListener class names from location [META-INF/spring.factories]: [org.springframework.test.context.web.ServletTestExecutionListener, org.springframework.test.context.support.DependencyInjectionTestExecutionListener, org.springframework.test.context.support.DirtiesContextTestExecutionListener, org.springframework.test.context.transaction.TransactionalTestExecutionListener, org.springframework.test.context.jdbc.SqlScriptsTestExecutionListener]
17:53:38.745 [Test worker] INFO  o.s.t.c.w.WebTestContextBootstrapper - Could not instantiate TestExecutionListener [org.springframework.test.context.jdbc.SqlScriptsTestExecutionListener]. Specify custom listener classes or make the default listener classes (and their required dependencies) available. Offending class: [org/springframework/transaction/interceptor/TransactionAttribute]
17:53:38.747 [Test worker] INFO  o.s.t.c.w.WebTestContextBootstrapper - Could not instantiate TestExecutionListener [org.springframework.test.context.transaction.TransactionalTestExecutionListener]. Specify custom listener classes or make the default listener classes (and their required dependencies) available. Offending class: [org/springframework/transaction/interceptor/TransactionAttributeSource]
17:53:38.751 [Test worker] INFO  o.s.t.c.w.WebTestContextBootstrapper - Using TestExecutionListeners: [org.springframework.test.context.web.ServletTestExecutionListener@6623994f, org.springframework.test.context.support.DependencyInjectionTestExecutionListener@6cb345f4, org.springframework.test.context.support.DirtiesContextTestExecutionListener@6e374193]
17:53:38.756 [Test worker] DEBUG o.s.t.annotation.ProfileValueUtils - Retrieved @ProfileValueSourceConfiguration [null] for test class [th.ac.kmitl.ce.ooad.DemoApplicationTests]
17:53:38.757 [Test worker] DEBUG o.s.t.annotation.ProfileValueUtils - Retrieved ProfileValueSource type [class org.springframework.test.annotation.SystemProfileValueSource] for class [th.ac.kmitl.ce.ooad.DemoApplicationTests]
17:53:38.762 [Test worker] DEBUG o.s.t.annotation.ProfileValueUtils - Retrieved @ProfileValueSourceConfiguration [null] for test class [th.ac.kmitl.ce.ooad.DemoApplicationTests]
17:53:38.763 [Test worker] DEBUG o.s.t.annotation.ProfileValueUtils - Retrieved ProfileValueSource type [class org.springframework.test.annotation.SystemProfileValueSource] for class [th.ac.kmitl.ce.ooad.DemoApplicationTests]
17:53:38.765 [Test worker] DEBUG o.s.t.annotation.ProfileValueUtils - Retrieved @ProfileValueSourceConfiguration [null] for test class [th.ac.kmitl.ce.ooad.DemoApplicationTests]
17:53:38.765 [Test worker] DEBUG o.s.t.annotation.ProfileValueUtils - Retrieved ProfileValueSource type [class org.springframework.test.annotation.SystemProfileValueSource] for class [th.ac.kmitl.ce.ooad.DemoApplicationTests]
17:53:38.769 [Test worker] DEBUG o.s.t.annotation.ProfileValueUtils - Retrieved @ProfileValueSourceConfiguration [null] for test class [th.ac.kmitl.ce.ooad.DemoApplicationTests]
17:53:38.770 [Test worker] DEBUG o.s.t.annotation.ProfileValueUtils - Retrieved ProfileValueSource type [class org.springframework.test.annotation.SystemProfileValueSource] for class [th.ac.kmitl.ce.ooad.DemoApplicationTests]
17:53:38.969 [Test worker] DEBUG o.s.core.env.StandardEnvironment - Adding [systemProperties] PropertySource with lowest search precedence
17:53:38.975 [Test worker] DEBUG o.s.core.env.StandardEnvironment - Adding [systemEnvironment] PropertySource with lowest search precedence
17:53:38.975 [Test worker] DEBUG o.s.core.env.StandardEnvironment - Initialized StandardEnvironment with PropertySources [systemProperties,systemEnvironment]
17:53:38.978 [Test worker] DEBUG o.s.core.env.StandardEnvironment - Adding [integrationTest] PropertySource with search precedence immediately lower than [systemEnvironment]

  .   ____          _            __ _ _
 /\\ / ___'_ __ _ _(_)_ __  __ _ \ \ \ \
( ( )\___ | '_ | '_| | '_ \/ _` | \ \ \ \
 \\/  ___)| |_)| | | | | || (_| |  ) ) ) )
  '  |____| .__|_| |_|_| |_\__, | / / / /
 =========|_|==============|___/=/_/_/_/
 :: Spring Boot ::        (v1.2.5.RELEASE)

2015-11-19 17:53:39.774  INFO 7728 --- [    Test worker] t.ac.kmitl.ce.ooad.DemoApplicationTests  : Starting DemoApplicationTests on BAIT0IIWN8MKWHD with PID 7728 (C:\Users\Administrator\Documents\GitHub\BackEndOOADPin_Up\demo\build\classes\test started by Administrator in C:\Users\Administrator\Documents\GitHub\BackEndOOADPin_Up\demo)
2015-11-19 17:53:39.937  INFO 7728 --- [    Test worker] o.s.w.c.s.GenericWebApplicationContext   : Refreshing org.springframework.web.context.support.GenericWebApplicationContext@3dde1590: startup date [Thu Nov 19 17:53:39 ICT 2015]; root of context hierarchy
2015-11-19 17:53:41.503  INFO 7728 --- [    Test worker] o.s.b.f.s.DefaultListableBeanFactory     : Overriding bean definition for bean 'beanNameViewResolver': replacing [Root bean: class [null]; scope=; abstract=false; lazyInit=false; autowireMode=3; dependencyCheck=0; autowireCandidate=true; primary=false; factoryBeanName=org.springframework.boot.autoconfigure.web.ErrorMvcAutoConfiguration$WhitelabelErrorViewConfiguration; factoryMethodName=beanNameViewResolver; initMethodName=null; destroyMethodName=(inferred); defined in class path resource [org/springframework/boot/autoconfigure/web/ErrorMvcAutoConfiguration$WhitelabelErrorViewConfiguration.class]] with [Root bean: class [null]; scope=; abstract=false; lazyInit=false; autowireMode=3; dependencyCheck=0; autowireCandidate=true; primary=false; factoryBeanName=org.springframework.boot.autoconfigure.web.WebMvcAutoConfiguration$WebMvcAutoConfigurationAdapter; factoryMethodName=beanNameViewResolver; initMethodName=null; destroyMethodName=(inferred); defined in class path resource [org/springframework/boot/autoconfigure/web/WebMvcAutoConfiguration$WebMvcAutoConfigurationAdapter.class]]
2015-11-19 17:53:44.393  INFO 7728 --- [    Test worker] s.w.s.m.m.a.RequestMappingHandlerAdapter : Looking for @ControllerAdvice: org.springframework.web.context.support.GenericWebApplicationContext@3dde1590: startup date [Thu Nov 19 17:53:39 ICT 2015]; root of context hierarchy
2015-11-19 17:53:44.507  INFO 7728 --- [    Test worker] s.w.s.m.m.a.RequestMappingHandlerMapping : Mapped "{[/storeAccount],methods=[GET]}" onto public java.lang.String th.ac.kmitl.ce.ooad.AccountController.storeAccount(java.lang.String,java.lang.String)
2015-11-19 17:53:44.508  INFO 7728 --- [    Test worker] s.w.s.m.m.a.RequestMappingHandlerMapping : Mapped "{[/deleteAccount],methods=[GET]}" onto public java.lang.String th.ac.kmitl.ce.ooad.AccountController.deleteAccount(java.lang.String)
2015-11-19 17:53:44.508  INFO 7728 --- [    Test worker] s.w.s.m.m.a.RequestMappingHandlerMapping : Mapped "{[/storeAccount],methods=[POST]}" onto public java.lang.String th.ac.kmitl.ce.ooad.AccountController.storeAccountPost(java.lang.String,java.lang.String)
2015-11-19 17:53:44.509  INFO 7728 --- [    Test worker] s.w.s.m.m.a.RequestMappingHandlerMapping : Mapped "{[/getAccountByfbID],methods=[GET]}" onto public java.util.ArrayList<th.ac.kmitl.ce.ooad.Account> th.ac.kmitl.ce.ooad.AccountController.getAccountByAccountID(java.lang.String)
2015-11-19 17:53:44.509  INFO 7728 --- [    Test worker] s.w.s.m.m.a.RequestMappingHandlerMapping : Mapped "{[/deleteAccount],methods=[POST]}" onto public java.lang.String th.ac.kmitl.ce.ooad.AccountController.deleteAccountPost(java.lang.String)
2015-11-19 17:53:44.510  INFO 7728 --- [    Test worker] s.w.s.m.m.a.RequestMappingHandlerMapping : Mapped "{[/storeComment],methods=[GET]}" onto public java.lang.String th.ac.kmitl.ce.ooad.CommentController.storeComment(java.lang.String,int,int)
2015-11-19 17:53:44.511  INFO 7728 --- [    Test worker] s.w.s.m.m.a.RequestMappingHandlerMapping : Mapped "{[/storeComment],methods=[POST]}" onto public java.lang.String th.ac.kmitl.ce.ooad.CommentController.storeCommentPost(java.lang.String,int,int)
2015-11-19 17:53:44.511  INFO 7728 --- [    Test worker] s.w.s.m.m.a.RequestMappingHandlerMapping : Mapped "{[/deleteComment],methods=[GET]}" onto public java.lang.String th.ac.kmitl.ce.ooad.CommentController.deleteComment(int,int)
2015-11-19 17:53:44.512  INFO 7728 --- [    Test worker] s.w.s.m.m.a.RequestMappingHandlerMapping : Mapped "{[/getCommentByTopicID],methods=[GET]}" onto public java.util.ArrayList<th.ac.kmitl.ce.ooad.Comment> th.ac.kmitl.ce.ooad.CommentController.getCommentByTopicID(int)
2015-11-19 17:53:44.512  INFO 7728 --- [    Test worker] s.w.s.m.m.a.RequestMappingHandlerMapping : Mapped "{[/deleteComment],methods=[POST]}" onto public java.lang.String th.ac.kmitl.ce.ooad.CommentController.deleteCommentPost(int,int)
2015-11-19 17:53:44.513  INFO 7728 --- [    Test worker] s.w.s.m.m.a.RequestMappingHandlerMapping : Mapped "{[/storeDeviceID],methods=[POST]}" onto public java.lang.String th.ac.kmitl.ce.ooad.DeviceController.storeDevice(java.lang.String,java.lang.String)
2015-11-19 17:53:44.514  INFO 7728 --- [    Test worker] s.w.s.m.m.a.RequestMappingHandlerMapping : Mapped "{[/deleteDevice],methods=[POST]}" onto public java.lang.String th.ac.kmitl.ce.ooad.DeviceController.deleteDevice(java.lang.String,java.lang.String)
2015-11-19 17:53:44.515  INFO 7728 --- [    Test worker] s.w.s.m.m.a.RequestMappingHandlerMapping : Mapped "{[/storePinup],methods=[POST]}" onto public java.lang.String th.ac.kmitl.ce.ooad.ScheduleController.storePinup(int,java.lang.String,int,java.lang.String)
2015-11-19 17:53:44.515  INFO 7728 --- [    Test worker] s.w.s.m.m.a.RequestMappingHandlerMapping : Mapped "{[/getPinOneDay],methods=[POST]}" onto public java.util.ArrayList<th.ac.kmitl.ce.ooad.Topic> th.ac.kmitl.ce.ooad.ScheduleController.getPinOneDay(int,java.lang.String)
2015-11-19 17:53:44.515  INFO 7728 --- [    Test worker] s.w.s.m.m.a.RequestMappingHandlerMapping : Mapped "{[/getPinOneDay],methods=[GET]}" onto public java.util.ArrayList<th.ac.kmitl.ce.ooad.Topic> th.ac.kmitl.ce.ooad.ScheduleController.getPinOneDayGet(int,java.lang.String)
2015-11-19 17:53:44.516  INFO 7728 --- [    Test worker] s.w.s.m.m.a.RequestMappingHandlerMapping : Mapped "{[/deletePin],methods=[POST]}" onto public java.lang.String th.ac.kmitl.ce.ooad.ScheduleController.deletePin(int,int)
2015-11-19 17:53:44.519  INFO 7728 --- [    Test worker] s.w.s.m.m.a.RequestMappingHandlerMapping : Mapped "{[/getTopicAll],methods=[GET]}" onto public java.util.ArrayList<th.ac.kmitl.ce.ooad.Topic> th.ac.kmitl.ce.ooad.TopicPath.returnTopicAll()
2015-11-19 17:53:44.519  INFO 7728 --- [    Test worker] s.w.s.m.m.a.RequestMappingHandlerMapping : Mapped "{[/getTopicByID],methods=[GET]}" onto public th.ac.kmitl.ce.ooad.Topic th.ac.kmitl.ce.ooad.TopicPath.returnTopicByID(java.lang.String)
2015-11-19 17:53:44.520  INFO 7728 --- [    Test worker] s.w.s.m.m.a.RequestMappingHandlerMapping : Mapped "{[/searchByKeyword],methods=[GET]}" onto public java.util.ArrayList<th.ac.kmitl.ce.ooad.Topic> th.ac.kmitl.ce.ooad.TopicPath.searchByKeyword(java.lang.String,java.lang.String)
2015-11-19 17:53:44.520  INFO 7728 --- [    Test worker] s.w.s.m.m.a.RequestMappingHandlerMapping : Mapped "{[/searchByTag],methods=[GET]}" onto public java.util.ArrayList<th.ac.kmitl.ce.ooad.Topic> th.ac.kmitl.ce.ooad.TopicPath.searchByTag(java.lang.String,java.lang.String)
2015-11-19 17:53:44.521  INFO 7728 --- [    Test worker] s.w.s.m.m.a.RequestMappingHandlerMapping : Mapped "{[/searchByType],methods=[GET]}" onto public java.util.ArrayList<th.ac.kmitl.ce.ooad.Topic> th.ac.kmitl.ce.ooad.TopicPath.searchByType(java.lang.String,java.lang.String)
2015-11-19 17:53:44.522  INFO 7728 --- [    Test worker] s.w.s.m.m.a.RequestMappingHandlerMapping : Mapped "{[/updateRate],methods=[GET]}" onto public java.lang.String th.ac.kmitl.ce.ooad.TopicPath.updateRate(int,double)
2015-11-19 17:53:44.522  INFO 7728 --- [    Test worker] s.w.s.m.m.a.RequestMappingHandlerMapping : Mapped "{[/deleteTopic],methods=[GET]}" onto public java.lang.String th.ac.kmitl.ce.ooad.TopicPath.deleteTopic(int,int)
2015-11-19 17:53:44.523  INFO 7728 --- [    Test worker] s.w.s.m.m.a.RequestMappingHandlerMapping : Mapped "{[/getTopicDelete],methods=[GET]}" onto public java.util.ArrayList<th.ac.kmitl.ce.ooad.Topic> th.ac.kmitl.ce.ooad.TopicPath.getTopicDelete(int,int)
2015-11-19 17:53:44.524  INFO 7728 --- [    Test worker] s.w.s.m.m.a.RequestMappingHandlerMapping : Mapped "{[/postTopic],methods=[GET]}" onto public java.lang.String th.ac.kmitl.ce.ooad.TopicPath.createTopicMethodGet(java.lang.String,java.lang.String,java.lang.String,java.lang.String,java.lang.String,java.lang.String,java.lang.String,java.lang.String,java.lang.String,java.lang.String,java.lang.String,int)
2015-11-19 17:53:44.524  INFO 7728 --- [    Test worker] s.w.s.m.m.a.RequestMappingHandlerMapping : Mapped "{[/postTopic],methods=[POST]}" onto public java.lang.String th.ac.kmitl.ce.ooad.TopicPath.createTopicMethodPost(java.lang.String,java.lang.String,java.lang.String,java.lang.String,java.lang.String,java.lang.String,java.lang.String,java.lang.String,java.lang.String,java.lang.String,java.lang.String,int)
2015-11-19 17:53:44.525  INFO 7728 --- [    Test worker] s.w.s.m.m.a.RequestMappingHandlerMapping : Mapped "{[/getTopicByAccountID],methods=[GET]}" onto public java.util.ArrayList<th.ac.kmitl.ce.ooad.Topic> th.ac.kmitl.ce.ooad.TopicPath.getTopicByAccountID(int)
2015-11-19 17:53:44.526  INFO 7728 --- [    Test worker] s.w.s.m.m.a.RequestMappingHandlerMapping : Mapped "{[/updateRate],methods=[POST]}" onto public java.lang.String th.ac.kmitl.ce.ooad.TopicPath.updateRatePost(int,double)
2015-11-19 17:53:44.526  INFO 7728 --- [    Test worker] s.w.s.m.m.a.RequestMappingHandlerMapping : Mapped "{[/deleteTopic],methods=[POST]}" onto public java.lang.String th.ac.kmitl.ce.ooad.TopicPath.deleteTopicPost(int,int)
2015-11-19 17:53:44.530  INFO 7728 --- [    Test worker] s.w.s.m.m.a.RequestMappingHandlerMapping : Mapped "{[/error]}" onto public org.springframework.http.ResponseEntity<java.util.Map<java.lang.String, java.lang.Object>> org.springframework.boot.autoconfigure.web.BasicErrorController.error(javax.servlet.http.HttpServletRequest)
2015-11-19 17:53:44.530  INFO 7728 --- [    Test worker] s.w.s.m.m.a.RequestMappingHandlerMapping : Mapped "{[/error],produces=[text/html]}" onto public org.springframework.web.servlet.ModelAndView org.springframework.boot.autoconfigure.web.BasicErrorController.errorHtml(javax.servlet.http.HttpServletRequest)
2015-11-19 17:53:44.574  INFO 7728 --- [    Test worker] o.s.w.s.handler.SimpleUrlHandlerMapping  : Mapped URL path [/webjars/**] onto handler of type [class org.springframework.web.servlet.resource.ResourceHttpRequestHandler]
2015-11-19 17:53:44.574  INFO 7728 --- [    Test worker] o.s.w.s.handler.SimpleUrlHandlerMapping  : Mapped URL path [/**] onto handler of type [class org.springframework.web.servlet.resource.ResourceHttpRequestHandler]
2015-11-19 17:53:44.646  INFO 7728 --- [    Test worker] o.s.w.s.handler.SimpleUrlHandlerMapping  : Mapped URL path [/**/favicon.ico] onto handler of type [class org.springframework.web.servlet.resource.ResourceHttpRequestHandler]
2015-11-19 17:53:45.395  INFO 7728 --- [    Test worker] o.s.b.a.e.mvc.EndpointHandlerMapping     : Mapped "{[/env/{name:.*}],methods=[GET]}" onto public java.lang.Object org.springframework.boot.actuate.endpoint.mvc.EnvironmentMvcEndpoint.value(java.lang.String)
2015-11-19 17:53:45.395  INFO 7728 --- [    Test worker] o.s.b.a.e.mvc.EndpointHandlerMapping     : Mapped "{[/env],methods=[GET]}" onto public java.lang.Object org.springframework.boot.actuate.endpoint.mvc.EndpointMvcAdapter.invoke()
2015-11-19 17:53:45.396  INFO 7728 --- [    Test worker] o.s.b.a.e.mvc.EndpointHandlerMapping     : Mapped "{[/health]}" onto public java.lang.Object org.springframework.boot.actuate.endpoint.mvc.HealthMvcEndpoint.invoke(java.security.Principal)
2015-11-19 17:53:45.397  INFO 7728 --- [    Test worker] o.s.b.a.e.mvc.EndpointHandlerMapping     : Mapped "{[/mappings],methods=[GET]}" onto public java.lang.Object org.springframework.boot.actuate.endpoint.mvc.EndpointMvcAdapter.invoke()
2015-11-19 17:53:45.398  INFO 7728 --- [    Test worker] o.s.b.a.e.mvc.EndpointHandlerMapping     : Mapped "{[/info],methods=[GET]}" onto public java.lang.Object org.springframework.boot.actuate.endpoint.mvc.EndpointMvcAdapter.invoke()
2015-11-19 17:53:45.399  INFO 7728 --- [    Test worker] o.s.b.a.e.mvc.EndpointHandlerMapping     : Mapped "{[/autoconfig],methods=[GET]}" onto public java.lang.Object org.springframework.boot.actuate.endpoint.mvc.EndpointMvcAdapter.invoke()
2015-11-19 17:53:45.400  INFO 7728 --- [    Test worker] o.s.b.a.e.mvc.EndpointHandlerMapping     : Mapped "{[/metrics/{name:.*}],methods=[GET]}" onto public java.lang.Object org.springframework.boot.actuate.endpoint.mvc.MetricsMvcEndpoint.value(java.lang.String)
2015-11-19 17:53:45.403  INFO 7728 --- [    Test worker] o.s.b.a.e.mvc.EndpointHandlerMapping     : Mapped "{[/metrics],methods=[GET]}" onto public java.lang.Object org.springframework.boot.actuate.endpoint.mvc.EndpointMvcAdapter.invoke()
2015-11-19 17:53:45.403  INFO 7728 --- [    Test worker] o.s.b.a.e.mvc.EndpointHandlerMapping     : Mapped "{[/trace],methods=[GET]}" onto public java.lang.Object org.springframework.boot.actuate.endpoint.mvc.EndpointMvcAdapter.invoke()
2015-11-19 17:53:45.404  INFO 7728 --- [    Test worker] o.s.b.a.e.mvc.EndpointHandlerMapping     : Mapped "{[/configprops],methods=[GET]}" onto public java.lang.Object org.springframework.boot.actuate.endpoint.mvc.EndpointMvcAdapter.invoke()
2015-11-19 17:53:45.404  INFO 7728 --- [    Test worker] o.s.b.a.e.mvc.EndpointHandlerMapping     : Mapped "{[/beans],methods=[GET]}" onto public java.lang.Object org.springframework.boot.actuate.endpoint.mvc.EndpointMvcAdapter.invoke()
2015-11-19 17:53:45.404  INFO 7728 --- [    Test worker] o.s.b.a.e.mvc.EndpointHandlerMapping     : Mapped "{[/dump],methods=[GET]}" onto public java.lang.Object org.springframework.boot.actuate.endpoint.mvc.EndpointMvcAdapter.invoke()
2015-11-19 17:53:45.478  INFO 7728 --- [    Test worker] t.ac.kmitl.ce.ooad.DemoApplicationTests  : Started DemoApplicationTests in 6.474 seconds (JVM running for 8.96)
]]></system-out>
  <system-err><![CDATA[]]></system-err>
</testsuite>
