<?xml version="1.0" encoding="UTF-8"?>
<testsuite name="th.ac.kmitl.ce.ooad.DemoApplicationTests" tests="1" skipped="0" failures="0" errors="0" timestamp="2015-11-05T15:21:23" hostname="BAIT0IIWN8MKWHD" time="0.003">
  <properties/>
  <testcase name="contextLoads" classname="th.ac.kmitl.ce.ooad.DemoApplicationTests" time="0.003"/>
  <system-out><![CDATA[22:21:19.395 [Test worker] DEBUG o.s.t.c.j.SpringJUnit4ClassRunner - SpringJUnit4ClassRunner constructor called with [class th.ac.kmitl.ce.ooad.DemoApplicationTests].
22:21:19.404 [Test worker] DEBUG o.s.test.context.BootstrapUtils - Instantiating TestContextBootstrapper from class [org.springframework.test.context.web.WebTestContextBootstrapper]
22:21:19.425 [Test worker] DEBUG o.s.t.c.w.WebTestContextBootstrapper - Found explicit ContextLoader class [org.springframework.boot.test.SpringApplicationContextLoader] for context configuration attributes [ContextConfigurationAttributes@70e83543 declaringClass = 'th.ac.kmitl.ce.ooad.DemoApplicationTests', classes = '{class th.ac.kmitl.ce.ooad.DemoApplication}', locations = '{}', inheritLocations = true, initializers = '{}', inheritInitializers = true, name = [null], contextLoaderClass = 'org.springframework.boot.test.SpringApplicationContextLoader']
22:21:19.433 [Test worker] DEBUG o.s.t.c.support.ActiveProfilesUtils - Could not find an 'annotation declaring class' for annotation type [org.springframework.test.context.ActiveProfiles] and class [th.ac.kmitl.ce.ooad.DemoApplicationTests]
22:21:19.438 [Test worker] DEBUG o.s.t.c.w.WebTestContextBootstrapper - @TestExecutionListeners is not present for class [th.ac.kmitl.ce.ooad.DemoApplicationTests]: using defaults.
22:21:19.448 [Test worker] INFO  o.s.t.c.w.WebTestContextBootstrapper - Loaded default TestExecutionListener class names from location [META-INF/spring.factories]: [org.springframework.test.context.web.ServletTestExecutionListener, org.springframework.test.context.support.DependencyInjectionTestExecutionListener, org.springframework.test.context.support.DirtiesContextTestExecutionListener, org.springframework.test.context.transaction.TransactionalTestExecutionListener, org.springframework.test.context.jdbc.SqlScriptsTestExecutionListener]
22:21:19.460 [Test worker] INFO  o.s.t.c.w.WebTestContextBootstrapper - Could not instantiate TestExecutionListener [org.springframework.test.context.jdbc.SqlScriptsTestExecutionListener]. Specify custom listener classes or make the default listener classes (and their required dependencies) available. Offending class: [org/springframework/transaction/interceptor/TransactionAttribute]
22:21:19.461 [Test worker] INFO  o.s.t.c.w.WebTestContextBootstrapper - Could not instantiate TestExecutionListener [org.springframework.test.context.transaction.TransactionalTestExecutionListener]. Specify custom listener classes or make the default listener classes (and their required dependencies) available. Offending class: [org/springframework/transaction/interceptor/TransactionAttributeSource]
22:21:19.463 [Test worker] INFO  o.s.t.c.w.WebTestContextBootstrapper - Using TestExecutionListeners: [org.springframework.test.context.web.ServletTestExecutionListener@28da37d4, org.springframework.test.context.support.DependencyInjectionTestExecutionListener@7dec0d9d, org.springframework.test.context.support.DirtiesContextTestExecutionListener@47defad6]
22:21:19.465 [Test worker] DEBUG o.s.t.annotation.ProfileValueUtils - Retrieved @ProfileValueSourceConfiguration [null] for test class [th.ac.kmitl.ce.ooad.DemoApplicationTests]
22:21:19.466 [Test worker] DEBUG o.s.t.annotation.ProfileValueUtils - Retrieved ProfileValueSource type [class org.springframework.test.annotation.SystemProfileValueSource] for class [th.ac.kmitl.ce.ooad.DemoApplicationTests]
22:21:19.469 [Test worker] DEBUG o.s.t.annotation.ProfileValueUtils - Retrieved @ProfileValueSourceConfiguration [null] for test class [th.ac.kmitl.ce.ooad.DemoApplicationTests]
22:21:19.469 [Test worker] DEBUG o.s.t.annotation.ProfileValueUtils - Retrieved ProfileValueSource type [class org.springframework.test.annotation.SystemProfileValueSource] for class [th.ac.kmitl.ce.ooad.DemoApplicationTests]
22:21:19.492 [Test worker] DEBUG o.s.t.annotation.ProfileValueUtils - Retrieved @ProfileValueSourceConfiguration [null] for test class [th.ac.kmitl.ce.ooad.DemoApplicationTests]
22:21:19.492 [Test worker] DEBUG o.s.t.annotation.ProfileValueUtils - Retrieved ProfileValueSource type [class org.springframework.test.annotation.SystemProfileValueSource] for class [th.ac.kmitl.ce.ooad.DemoApplicationTests]
22:21:19.494 [Test worker] DEBUG o.s.t.annotation.ProfileValueUtils - Retrieved @ProfileValueSourceConfiguration [null] for test class [th.ac.kmitl.ce.ooad.DemoApplicationTests]
22:21:19.494 [Test worker] DEBUG o.s.t.annotation.ProfileValueUtils - Retrieved ProfileValueSource type [class org.springframework.test.annotation.SystemProfileValueSource] for class [th.ac.kmitl.ce.ooad.DemoApplicationTests]
22:21:19.575 [Test worker] DEBUG o.s.core.env.StandardEnvironment - Adding [systemProperties] PropertySource with lowest search precedence
22:21:19.578 [Test worker] DEBUG o.s.core.env.StandardEnvironment - Adding [systemEnvironment] PropertySource with lowest search precedence
22:21:19.578 [Test worker] DEBUG o.s.core.env.StandardEnvironment - Initialized StandardEnvironment with PropertySources [systemProperties,systemEnvironment]
22:21:19.580 [Test worker] DEBUG o.s.core.env.StandardEnvironment - Adding [integrationTest] PropertySource with search precedence immediately lower than [systemEnvironment]

  .   ____          _            __ _ _
 /\\ / ___'_ __ _ _(_)_ __  __ _ \ \ \ \
( ( )\___ | '_ | '_| | '_ \/ _` | \ \ \ \
 \\/  ___)| |_)| | | | | || (_| |  ) ) ) )
  '  |____| .__|_| |_|_| |_\__, | / / / /
 =========|_|==============|___/=/_/_/_/
 :: Spring Boot ::        (v1.2.5.RELEASE)

2015-11-05 22:21:19.882  INFO 4564 --- [    Test worker] t.ac.kmitl.ce.ooad.DemoApplicationTests  : Starting DemoApplicationTests on BAIT0IIWN8MKWHD with PID 4564 (C:\Users\Administrator\IdeaProjects\demo\build\classes\test started by Administrator in C:\Users\Administrator\IdeaProjects\demo)
2015-11-05 22:21:19.980  INFO 4564 --- [    Test worker] o.s.w.c.s.GenericWebApplicationContext   : Refreshing org.springframework.web.context.support.GenericWebApplicationContext@6cc50726: startup date [Thu Nov 05 22:21:19 ICT 2015]; root of context hierarchy
2015-11-05 22:21:21.117  INFO 4564 --- [    Test worker] o.s.b.f.s.DefaultListableBeanFactory     : Overriding bean definition for bean 'beanNameViewResolver': replacing [Root bean: class [null]; scope=; abstract=false; lazyInit=false; autowireMode=3; dependencyCheck=0; autowireCandidate=true; primary=false; factoryBeanName=org.springframework.boot.autoconfigure.web.ErrorMvcAutoConfiguration$WhitelabelErrorViewConfiguration; factoryMethodName=beanNameViewResolver; initMethodName=null; destroyMethodName=(inferred); defined in class path resource [org/springframework/boot/autoconfigure/web/ErrorMvcAutoConfiguration$WhitelabelErrorViewConfiguration.class]] with [Root bean: class [null]; scope=; abstract=false; lazyInit=false; autowireMode=3; dependencyCheck=0; autowireCandidate=true; primary=false; factoryBeanName=org.springframework.boot.autoconfigure.web.WebMvcAutoConfiguration$WebMvcAutoConfigurationAdapter; factoryMethodName=beanNameViewResolver; initMethodName=null; destroyMethodName=(inferred); defined in class path resource [org/springframework/boot/autoconfigure/web/WebMvcAutoConfiguration$WebMvcAutoConfigurationAdapter.class]]
2015-11-05 22:21:22.721  INFO 4564 --- [    Test worker] s.w.s.m.m.a.RequestMappingHandlerAdapter : Looking for @ControllerAdvice: org.springframework.web.context.support.GenericWebApplicationContext@6cc50726: startup date [Thu Nov 05 22:21:19 ICT 2015]; root of context hierarchy
2015-11-05 22:21:22.788  INFO 4564 --- [    Test worker] s.w.s.m.m.a.RequestMappingHandlerMapping : Mapped "{[/storeSchedule],methods=[GET]}" onto public java.lang.String th.ac.kmitl.ce.ooad.SchedulePath.storeSchedule(int,java.lang.String,int,java.lang.String) throws java.text.ParseException
2015-11-05 22:21:22.788  INFO 4564 --- [    Test worker] s.w.s.m.m.a.RequestMappingHandlerMapping : Mapped "{[/getScheduleAll],methods=[GET]}" onto public java.util.List<java.util.List<th.ac.kmitl.ce.ooad.Topic>> th.ac.kmitl.ce.ooad.SchedulePath.getScheduleAll(int)
2015-11-05 22:21:22.789  INFO 4564 --- [    Test worker] s.w.s.m.m.a.RequestMappingHandlerMapping : Mapped "{[/postTopic],methods=[GET]}" onto public java.lang.String th.ac.kmitl.ce.ooad.TopicPath.createTopicMethodGet(java.lang.String,java.lang.String,java.lang.String,java.lang.String,java.lang.String,java.lang.String,java.lang.String,java.lang.String,java.lang.String,java.lang.String,java.lang.String)
2015-11-05 22:21:22.789  INFO 4564 --- [    Test worker] s.w.s.m.m.a.RequestMappingHandlerMapping : Mapped "{[/postTopic],methods=[POST]}" onto public java.lang.String th.ac.kmitl.ce.ooad.TopicPath.createTopicMethodPost(java.lang.String,java.lang.String,java.lang.String,java.lang.String,java.lang.String,java.lang.String,java.lang.String,java.lang.String,java.lang.String,java.lang.String,java.lang.String)
2015-11-05 22:21:22.790  INFO 4564 --- [    Test worker] s.w.s.m.m.a.RequestMappingHandlerMapping : Mapped "{[/searchByType],methods=[GET]}" onto public java.util.ArrayList<th.ac.kmitl.ce.ooad.Topic> th.ac.kmitl.ce.ooad.TopicPath.searchByType(java.lang.String,java.lang.String)
2015-11-05 22:21:22.790  INFO 4564 --- [    Test worker] s.w.s.m.m.a.RequestMappingHandlerMapping : Mapped "{[/searchByKeyword],methods=[GET]}" onto public java.util.ArrayList<th.ac.kmitl.ce.ooad.Topic> th.ac.kmitl.ce.ooad.TopicPath.searchByKeyword(java.lang.String,java.lang.String)
2015-11-05 22:21:22.790  INFO 4564 --- [    Test worker] s.w.s.m.m.a.RequestMappingHandlerMapping : Mapped "{[/getTopicByID],methods=[GET]}" onto public th.ac.kmitl.ce.ooad.Topic th.ac.kmitl.ce.ooad.TopicPath.returnTopicByID(java.lang.String)
2015-11-05 22:21:22.790  INFO 4564 --- [    Test worker] s.w.s.m.m.a.RequestMappingHandlerMapping : Mapped "{[/getTopicAll],methods=[GET]}" onto public java.util.ArrayList<th.ac.kmitl.ce.ooad.Topic> th.ac.kmitl.ce.ooad.TopicPath.returnTopicAll()
2015-11-05 22:21:22.791  INFO 4564 --- [    Test worker] s.w.s.m.m.a.RequestMappingHandlerMapping : Mapped "{[/error]}" onto public org.springframework.http.ResponseEntity<java.util.Map<java.lang.String, java.lang.Object>> org.springframework.boot.autoconfigure.web.BasicErrorController.error(javax.servlet.http.HttpServletRequest)
2015-11-05 22:21:22.791  INFO 4564 --- [    Test worker] s.w.s.m.m.a.RequestMappingHandlerMapping : Mapped "{[/error],produces=[text/html]}" onto public org.springframework.web.servlet.ModelAndView org.springframework.boot.autoconfigure.web.BasicErrorController.errorHtml(javax.servlet.http.HttpServletRequest)
2015-11-05 22:21:22.827  INFO 4564 --- [    Test worker] o.s.w.s.handler.SimpleUrlHandlerMapping  : Mapped URL path [/webjars/**] onto handler of type [class org.springframework.web.servlet.resource.ResourceHttpRequestHandler]
2015-11-05 22:21:22.827  INFO 4564 --- [    Test worker] o.s.w.s.handler.SimpleUrlHandlerMapping  : Mapped URL path [/**] onto handler of type [class org.springframework.web.servlet.resource.ResourceHttpRequestHandler]
2015-11-05 22:21:22.879  INFO 4564 --- [    Test worker] o.s.w.s.handler.SimpleUrlHandlerMapping  : Mapped URL path [/**/favicon.ico] onto handler of type [class org.springframework.web.servlet.resource.ResourceHttpRequestHandler]
2015-11-05 22:21:23.282  INFO 4564 --- [    Test worker] o.s.b.a.e.mvc.EndpointHandlerMapping     : Mapped "{[/env/{name:.*}],methods=[GET]}" onto public java.lang.Object org.springframework.boot.actuate.endpoint.mvc.EnvironmentMvcEndpoint.value(java.lang.String)
2015-11-05 22:21:23.282  INFO 4564 --- [    Test worker] o.s.b.a.e.mvc.EndpointHandlerMapping     : Mapped "{[/env],methods=[GET]}" onto public java.lang.Object org.springframework.boot.actuate.endpoint.mvc.EndpointMvcAdapter.invoke()
2015-11-05 22:21:23.283  INFO 4564 --- [    Test worker] o.s.b.a.e.mvc.EndpointHandlerMapping     : Mapped "{[/trace],methods=[GET]}" onto public java.lang.Object org.springframework.boot.actuate.endpoint.mvc.EndpointMvcAdapter.invoke()
2015-11-05 22:21:23.283  INFO 4564 --- [    Test worker] o.s.b.a.e.mvc.EndpointHandlerMapping     : Mapped "{[/info],methods=[GET]}" onto public java.lang.Object org.springframework.boot.actuate.endpoint.mvc.EndpointMvcAdapter.invoke()
2015-11-05 22:21:23.284  INFO 4564 --- [    Test worker] o.s.b.a.e.mvc.EndpointHandlerMapping     : Mapped "{[/beans],methods=[GET]}" onto public java.lang.Object org.springframework.boot.actuate.endpoint.mvc.EndpointMvcAdapter.invoke()
2015-11-05 22:21:23.285  INFO 4564 --- [    Test worker] o.s.b.a.e.mvc.EndpointHandlerMapping     : Mapped "{[/dump],methods=[GET]}" onto public java.lang.Object org.springframework.boot.actuate.endpoint.mvc.EndpointMvcAdapter.invoke()
2015-11-05 22:21:23.285  INFO 4564 --- [    Test worker] o.s.b.a.e.mvc.EndpointHandlerMapping     : Mapped "{[/autoconfig],methods=[GET]}" onto public java.lang.Object org.springframework.boot.actuate.endpoint.mvc.EndpointMvcAdapter.invoke()
2015-11-05 22:21:23.286  INFO 4564 --- [    Test worker] o.s.b.a.e.mvc.EndpointHandlerMapping     : Mapped "{[/health]}" onto public java.lang.Object org.springframework.boot.actuate.endpoint.mvc.HealthMvcEndpoint.invoke(java.security.Principal)
2015-11-05 22:21:23.286  INFO 4564 --- [    Test worker] o.s.b.a.e.mvc.EndpointHandlerMapping     : Mapped "{[/metrics/{name:.*}],methods=[GET]}" onto public java.lang.Object org.springframework.boot.actuate.endpoint.mvc.MetricsMvcEndpoint.value(java.lang.String)
2015-11-05 22:21:23.287  INFO 4564 --- [    Test worker] o.s.b.a.e.mvc.EndpointHandlerMapping     : Mapped "{[/metrics],methods=[GET]}" onto public java.lang.Object org.springframework.boot.actuate.endpoint.mvc.EndpointMvcAdapter.invoke()
2015-11-05 22:21:23.287  INFO 4564 --- [    Test worker] o.s.b.a.e.mvc.EndpointHandlerMapping     : Mapped "{[/mappings],methods=[GET]}" onto public java.lang.Object org.springframework.boot.actuate.endpoint.mvc.EndpointMvcAdapter.invoke()
2015-11-05 22:21:23.287  INFO 4564 --- [    Test worker] o.s.b.a.e.mvc.EndpointHandlerMapping     : Mapped "{[/configprops],methods=[GET]}" onto public java.lang.Object org.springframework.boot.actuate.endpoint.mvc.EndpointMvcAdapter.invoke()
2015-11-05 22:21:23.345  INFO 4564 --- [    Test worker] t.ac.kmitl.ce.ooad.DemoApplicationTests  : Started DemoApplicationTests in 3.752 seconds (JVM running for 7.833)
]]></system-out>
  <system-err><![CDATA[]]></system-err>
</testsuite>
